<?xml version="1.0" encoding="UTF-8"?>
<!-- Generated by org.testng.reporters.JUnitReportReporter -->
<testsuite hostname="LAPTOP-N5RAN06D" failures="0" tests="2" name="Labs.Exp_6_2" time="8.878" errors="0" timestamp="2022-03-11T10:41:38 IST" skipped="0">
  <testcase classname="Labs.Exp_6_2" name="inclassSignin" time="5.288"/>
  <system-out/>
  <testcase classname="Labs.Exp_6_2" name="inclassSignin" time="3.590"/>
  <system-out/>
</testsuite> <!-- Labs.Exp_6_2 -->
