<?xml version="1.0" encoding="UTF-8"?>
<!-- Generated by org.testng.reporters.JUnitReportReporter -->
<testsuite hostname="LAPTOP-N5RAN06D" failures="0" tests="2" name="Labs.Exp_6_3" time="0.020" errors="0" timestamp="2022-03-11T10:32:56 IST" skipped="0">
  <testcase classname="Labs.Exp_6_3" name="test1" time="0.014"/>
  <system-out/>
  <testcase classname="Labs.Exp_6_3" name="test2" time="0.006"/>
  <system-out/>
</testsuite> <!-- Labs.Exp_6_3 -->
