<?xml version="1.0" encoding="UTF-8"?>
<!-- Generated by org.testng.reporters.JUnitReportReporter -->
<testsuite hostname="LAPTOP-N5RAN06D" failures="0" tests="1" name="Labs.Exp4_3" time="9.006" errors="0" timestamp="2022-02-18T00:27:30 IST" skipped="0">
  <testcase classname="Labs.Exp4_3" name="login" time="9.006"/>
  <system-out/>
</testsuite> <!-- Labs.Exp4_3 -->
