<?xml version="1.0" encoding="UTF-8"?>
<!-- Generated by org.testng.reporters.JUnitReportReporter -->
<testsuite hostname="LAPTOP-N5RAN06D" failures="0" tests="1" name="Labs.HardAssertion" time="2.797" errors="0" timestamp="2022-04-08T06:13:25 IST" skipped="0">
  <testcase classname="Labs.HardAssertion" name="hardAssertion" time="2.797"/>
  <system-out/>
</testsuite> <!-- Labs.HardAssertion -->
