<?xml version="1.0" encoding="UTF-8"?>
<!-- Generated by org.testng.reporters.JUnitReportReporter -->
<testsuite hostname="LAPTOP-N5RAN06D" failures="0" tests="1" name="Labs.Exp4" time="2.838" errors="0" timestamp="2022-02-18T00:18:04 IST" skipped="0">
  <testcase classname="Labs.Exp4" name="login" time="2.838"/>
  <system-out/>
</testsuite> <!-- Labs.Exp4 -->
