<?xml version="1.0" encoding="UTF-8"?>
<!-- Generated by org.testng.reporters.JUnitReportReporter -->
<testsuite hostname="LAPTOP-N5RAN06D" failures="0" tests="1" name="Labs.Logs" time="6.709" errors="0" timestamp="2022-04-07T22:51:20 IST" skipped="0">
  <testcase classname="Labs.Logs" name="f" time="6.709"/>
  <system-out>
    <![CDATA[Browser is now opened
Browser is now maximized
Amazon is now opened
Browser is now closed]]>
  </system-out>
</testsuite> <!-- Labs.Logs -->
