<?xml version="1.0" encoding="UTF-8"?>
<!-- Generated by org.testng.reporters.JUnitReportReporter -->
<testsuite hostname="LAPTOP-N5RAN06D" failures="0" tests="3" name="Labs.Exp6_1" time="35.615" errors="0" timestamp="2022-03-04T09:21:10 IST" skipped="0">
  <testcase classname="Labs.Exp6_1" name="Test" time="11.741"/>
  <system-out/>
  <testcase classname="Labs.Exp6_1" name="Test" time="10.231"/>
  <system-out/>
  <testcase classname="Labs.Exp6_1" name="Test" time="13.643"/>
  <system-out/>
</testsuite> <!-- Labs.Exp6_1 -->
