<?xml version="1.0" encoding="UTF-8"?>
<!-- Generated by org.testng.reporters.JUnitReportReporter -->
<testsuite hostname="LAPTOP-N5RAN06D" failures="0" tests="5" name="Labs.Extent_Reports" time="3.563" errors="0" timestamp="2022-04-08T06:41:26 IST" skipped="0">
  <testcase classname="Labs.Extent_Reports" name="verifyingTitle" time="0.047"/>
  <system-out/>
  <testcase classname="Labs.Extent_Reports" name="clickOnSign" time="1.162"/>
  <system-out/>
  <testcase classname="Labs.Extent_Reports" name="enterYourLoginName" time="0.166"/>
  <system-out/>
  <testcase classname="Labs.Extent_Reports" name="pressContinueAfterLoginNameIsEntered" time="2.071"/>
  <system-out/>
  <testcase classname="Labs.Extent_Reports" name="enteringPassword" time="0.117"/>
  <system-out/>
</testsuite> <!-- Labs.Extent_Reports -->
