<?xml version="1.0" encoding="UTF-8"?>
<!-- Generated by org.testng.reporters.JUnitReportReporter -->
<testsuite hostname="LAPTOP-N5RAN06D" failures="0" tests="1" name="Labs.SoftAssertion" time="2.389" errors="0" timestamp="2022-04-08T06:14:26 IST" skipped="0">
  <testcase classname="Labs.SoftAssertion" name="f" time="2.389"/>
  <system-out/>
</testsuite> <!-- Labs.SoftAssertion -->
