<?xml version="1.0" encoding="UTF-8"?>
<!-- Generated by org.testng.reporters.JUnitReportReporter -->
<testsuite hostname="LAPTOP-N5RAN06D" failures="0" tests="1" name="Labs.Exp4_1" time="2.153" errors="0" timestamp="2022-02-18T00:12:39 IST" skipped="0">
  <testcase classname="Labs.Exp4_1" name="login" time="2.153"/>
  <system-out/>
</testsuite> <!-- Labs.Exp4_1 -->
