<?xml version="1.0" encoding="UTF-8"?>
<!-- Generated by org.testng.reporters.JUnitReportReporter -->
<testsuite hostname="LAPTOP-N5RAN06D" failures="0" tests="1" name="Labs.Exp4_2" time="2.698" errors="0" timestamp="2022-02-18T00:21:04 IST" skipped="0">
  <testcase classname="Labs.Exp4_2" name="login" time="2.698"/>
  <system-out/>
</testsuite> <!-- Labs.Exp4_2 -->
